2022.11.14 22:24:51 INFO  tracing is disabled for protocol LSP, to enable tracing of incoming and outgoing JSON messages create an empty file at /Users/shaunroecker/SCR/gitHub/Scala Development/ScalaWalkthrough/.metals/lsp.trace.json or /Users/shaunroecker/Library/Caches/org.scalameta.metals/lsp.trace.json
2022.11.14 22:24:51 INFO  logging to file /Users/shaunroecker/SCR/gitHub/Scala Development/ScalaWalkthrough/.metals/metals.log
2022.11.14 22:24:51 INFO  Started: Metals version 0.11.9 in workspace '/Users/shaunroecker/SCR/gitHub/Scala Development/ScalaWalkthrough' for client Visual Studio Code 1.70.1.
2022.11.14 22:24:51 WARN  Can't instantiate JavaInteractiveSemanticdb (version: JdkVersion(8), jdkHome: /Library/Internet Plug-Ins/JavaAppletPlugin.plugin/Contents/Home, javac exists: false)
2022.11.14 22:24:52 INFO  time: initialize in 1.16s
2022.11.14 22:24:53 WARN  Build server is not auto-connectable.
2022.11.14 22:24:59 INFO  running '/Library/Internet Plug-Ins/JavaAppletPlugin.plugin/Contents/Home/bin/java -Djline.terminal=jline.UnsupportedTerminal -Dsbt.log.noformat=true -Dfile.encoding=UTF-8 -jar /var/folders/29/__cvxw3s4v52h9qvvtkyfq600000gn/T/metals4982292609402648437/sbt-launch.jar -Dbloop.export-jar-classifiers=sources bloopInstall'
2022.11.14 22:25:01 INFO  [info] welcome to sbt 1.7.3 (Oracle Corporation Java 1.8.0_321)
2022.11.14 22:25:04 INFO  [info] loading settings for project scalawalkthrough-build-build from metals.sbt ...
2022.11.14 22:25:04 INFO  [info] loading project definition from /Users/shaunroecker/SCR/gitHub/Scala Development/ScalaWalkthrough/project/project
2022.11.14 22:25:07 INFO  [info] loading settings for project scalawalkthrough-build from metals.sbt ...
2022.11.14 22:25:07 INFO  [info] loading project definition from /Users/shaunroecker/SCR/gitHub/Scala Development/ScalaWalkthrough/project
2022.11.14 22:25:09 INFO  [success] Generated .bloop/scalawalkthrough-build.json
2022.11.14 22:25:09 INFO  [warn] Removed stale /Users/shaunroecker/SCR/gitHub/Scala Development/ScalaWalkthrough/project/.bloop/scalawalkabout-build.json
2022.11.14 22:25:09 INFO  [success] Total time: 2 s, completed Nov 14, 2022 10:25:10 PM
2022.11.14 22:25:11 INFO  [info] loading settings for project root from build.sbt ...
2022.11.14 22:25:11 INFO  [info] set current project to scalawalkabout (in build file:/Users/shaunroecker/SCR/gitHub/Scala%20Development/ScalaWalkthrough/)
2022.11.14 22:25:11 INFO  [success] Generated .bloop/root.json
2022.11.14 22:25:11 INFO  [success] Generated .bloop/root-test.json
2022.11.14 22:25:11 INFO  [success] Total time: 0 s, completed Nov 14, 2022 10:25:11 PM
2022.11.14 22:25:11 INFO  time: ran 'sbt bloopInstall' in 11s
2022.11.14 22:25:11 INFO  Attempting to connect to the build server...
2022.11.14 22:25:11 INFO  Bloop uses /Library/Internet Plug-Ins/JavaAppletPlugin.plugin/Contents/Home defined at /Users/shaunroecker/.bloop/bloop.json
2022.11.14 22:25:11 INFO  tracing is disabled for protocol BSP, to enable tracing of incoming and outgoing JSON messages create an empty file at /Users/shaunroecker/SCR/gitHub/Scala Development/ScalaWalkthrough/.metals/bsp.trace.json or /Users/shaunroecker/Library/Caches/org.scalameta.metals/bsp.trace.json
2022.11.14 22:25:11 INFO  Attempting to connect to the build server...
2022.11.14 22:25:11 INFO  Bloop uses /Library/Internet Plug-Ins/JavaAppletPlugin.plugin/Contents/Home defined at /Users/shaunroecker/.bloop/bloop.json
2022.11.14 22:25:11 INFO  tracing is disabled for protocol BSP, to enable tracing of incoming and outgoing JSON messages create an empty file at /Users/shaunroecker/SCR/gitHub/Scala Development/ScalaWalkthrough/project/.metals/bsp.trace.json or /Users/shaunroecker/Library/Caches/org.scalameta.metals/bsp.trace.json
2022.11.14 22:25:11 INFO  time: Connected to build server in 0.46s
2022.11.14 22:25:11 INFO  Connected to Build server: Bloop v1.5.4
2022.11.14 22:25:14 WARN  Could not find java sources in /Library/Internet Plug-Ins/JavaAppletPlugin.plugin/Contents/src.zip, /Library/Internet Plug-Ins/JavaAppletPlugin.plugin/Contents/lib/src.zip, /Library/Internet Plug-Ins/JavaAppletPlugin.plugin/Contents/Home/src.zip, /Library/Internet Plug-Ins/JavaAppletPlugin.plugin/Contents/Home/lib/src.zip. Java symbols will not be available.
2022.11.14 22:25:17 WARN  Could not find java sources in /Library/Internet Plug-Ins/JavaAppletPlugin.plugin/Contents/src.zip, /Library/Internet Plug-Ins/JavaAppletPlugin.plugin/Contents/lib/src.zip, /Library/Internet Plug-Ins/JavaAppletPlugin.plugin/Contents/Home/src.zip, /Library/Internet Plug-Ins/JavaAppletPlugin.plugin/Contents/Home/lib/src.zip. Java symbols will not be available.
2022.11.14 22:25:17 WARN  Could not find java sources in /Library/Internet Plug-Ins/JavaAppletPlugin.plugin/Contents/src.zip, /Library/Internet Plug-Ins/JavaAppletPlugin.plugin/Contents/lib/src.zip, /Library/Internet Plug-Ins/JavaAppletPlugin.plugin/Contents/Home/src.zip, /Library/Internet Plug-Ins/JavaAppletPlugin.plugin/Contents/Home/lib/src.zip. Java symbols will not be available.
2022.11.14 22:25:17 INFO  time: indexed workspace in 4.97s
Nov 14, 2022 10:26:02 PM org.eclipse.lsp4j.jsonrpc.services.GenericEndpoint notify
INFO: Unsupported notification method: $/setTrace
2022.11.14 22:30:09 WARN  no build target for: /Users/shaunroecker/SCR/gitHub/Scala Development/ScalaWalkthrough/src/main/03_NumbersAndDates/NumbersAndDates.scala
2022.11.14 22:34:43 WARN  no build target for: /Users/shaunroecker/SCR/gitHub/Scala Development/ScalaWalkthrough/src/main/03_NumbersAndDates/NumbersAndDates.scala
2022.11.14 22:35:50 WARN  no build target for: /Users/shaunroecker/SCR/gitHub/Scala Development/ScalaWalkthrough/src/main/03_NumbersAndDates/NumbersAndDates.scala
2022.11.14 22:37:41 WARN  no build target for: /Users/shaunroecker/SCR/gitHub/Scala Development/ScalaWalkthrough/src/main/03_NumbersAndDates/NumbersAndDates.scala
Nov 14, 2022 10:38:17 PM org.eclipse.lsp4j.jsonrpc.RemoteEndpoint handleCancellation
WARNING: Unmatched cancel notification for request id 571
Nov 14, 2022 10:38:59 PM org.eclipse.lsp4j.jsonrpc.RemoteEndpoint handleCancellation
WARNING: Unmatched cancel notification for request id 657
Nov 14, 2022 10:38:59 PM org.eclipse.lsp4j.jsonrpc.RemoteEndpoint handleCancellation
WARNING: Unmatched cancel notification for request id 660
Nov 14, 2022 10:38:59 PM org.eclipse.lsp4j.jsonrpc.RemoteEndpoint handleCancellation
WARNING: Unmatched cancel notification for request id 663
Nov 14, 2022 10:39:13 PM org.eclipse.lsp4j.jsonrpc.RemoteEndpoint handleCancellation
WARNING: Unmatched cancel notification for request id 685
2022.11.14 22:45:01 WARN  no build target for: /Users/shaunroecker/SCR/gitHub/Scala Development/ScalaWalkthrough/src/main/03_NumbersAndDates/NumbersAndDates.scala
Nov 14, 2022 10:47:24 PM org.eclipse.lsp4j.jsonrpc.RemoteEndpoint handleCancellation
WARNING: Unmatched cancel notification for request id 1701
2022.11.14 22:48:54 WARN  no build target for: /Users/shaunroecker/SCR/gitHub/Scala Development/ScalaWalkthrough/src/main/03_NumbersAndDates/NumbersAndDates.scala
2022.11.14 22:49:21 WARN  no build target for: /Users/shaunroecker/SCR/gitHub/Scala Development/ScalaWalkthrough/src/main/03_NumbersAndDates/NumbersAndDates.scala
2022.11.14 22:51:18 INFO  compiling root (2 scala sources)
2022.11.14 22:51:18 INFO  time: compiled root in 0.93s
Nov 14, 2022 10:51:46 PM org.eclipse.lsp4j.jsonrpc.RemoteEndpoint handleCancellation
WARNING: Unmatched cancel notification for request id 1872
2022.11.14 22:51:57 INFO  compiling root (1 scala source)
2022.11.14 22:51:57 INFO  time: compiled root in 0.21s
2022.11.14 22:53:33 INFO  compiling root (2 scala sources)
2022.11.14 22:53:33 INFO  time: compiled root in 0.47s
Nov 14, 2022 11:04:48 PM org.eclipse.lsp4j.jsonrpc.RemoteEndpoint handleCancellation
WARNING: Unmatched cancel notification for request id 2250
Nov 14, 2022 11:05:18 PM org.eclipse.lsp4j.jsonrpc.RemoteEndpoint handleCancellation
WARNING: Unmatched cancel notification for request id 2336
2022.11.14 23:09:41 INFO  compiling root (1 scala source)
2022.11.14 23:09:41 INFO  time: compiled root in 0.37s
Nov 14, 2022 11:11:01 PM org.eclipse.lsp4j.jsonrpc.RemoteEndpoint handleCancellation
WARNING: Unmatched cancel notification for request id 3124
2022.11.14 23:11:55 INFO  compiling root (2 scala sources)
2022.11.14 23:11:55 INFO  time: compiled root in 0.56s
2022.11.14 23:14:02 INFO  compiling root (1 scala source)
2022.11.14 23:14:02 INFO  time: compiled root in 0.23s
2022.11.14 23:14:20 INFO  compiling root (1 scala source)
2022.11.14 23:14:20 INFO  time: compiled root in 0.32s
2022.11.14 23:14:47 INFO  compiling root (1 scala source)
2022.11.14 23:14:47 INFO  time: compiled root in 0.21s
Nov 14, 2022 11:17:46 PM org.eclipse.lsp4j.jsonrpc.RemoteEndpoint handleCancellation
WARNING: Unmatched cancel notification for request id 3702
2022.11.14 23:19:07 INFO  compiling root (2 scala sources)
2022.11.14 23:19:07 INFO  time: compiled root in 0.26s
2022.11.14 23:20:34 INFO  compiling root (2 scala sources)
2022.11.14 23:20:34 INFO  time: compiled root in 0.2s
2022.11.14 23:20:52 INFO  compiling root (2 scala sources)
2022.11.14 23:20:52 INFO  time: compiled root in 0.45s
2022.11.14 23:21:44 INFO  compiling root (1 scala source)
2022.11.14 23:21:44 INFO  time: compiled root in 0.12s
Nov 14, 2022 11:21:55 PM org.eclipse.lsp4j.jsonrpc.RemoteEndpoint handleCancellation
WARNING: Unmatched cancel notification for request id 4014
Nov 15, 2022 2:10:00 PM org.eclipse.lsp4j.jsonrpc.RemoteEndpoint handleCancellation
WARNING: Unmatched cancel notification for request id 4283
2022.11.15 14:11:40 INFO  compiling root (1 scala source)
2022.11.15 14:11:40 INFO  time: compiled root in 0.82s
2022.11.15 14:12:01 INFO  compiling root (1 scala source)
2022.11.15 14:12:01 INFO  time: compiled root in 0.43s
Nov 15, 2022 7:27:56 PM org.eclipse.lsp4j.jsonrpc.RemoteEndpoint handleCancellation
WARNING: Unmatched cancel notification for request id 4663
2022.11.15 19:31:39 INFO  compiling root (2 scala sources)
2022.11.15 19:31:39 INFO  time: compiled root in 0.7s
Nov 15, 2022 7:31:49 PM org.eclipse.lsp4j.jsonrpc.RemoteEndpoint handleCancellation
WARNING: Unmatched cancel notification for request id 5320
2022.11.15 19:31:58 INFO  compiling root (2 scala sources)
2022.11.15 19:31:58 INFO  time: compiled root in 0.38s
2022.11.15 19:33:22 INFO  compiling root (2 scala sources)
2022.11.15 19:33:22 INFO  time: compiled root in 0.54s
2022.11.15 19:35:14 INFO  compiling root (1 scala source)
2022.11.15 19:35:14 INFO  time: compiled root in 0.3s
Nov 15, 2022 7:43:25 PM org.eclipse.lsp4j.jsonrpc.RemoteEndpoint handleCancellation
WARNING: Unmatched cancel notification for request id 5959
2022.11.15 19:45:25 INFO  compiling root (2 scala sources)
2022.11.15 19:45:25 INFO  time: compiled root in 0.46s
2022.11.15 19:45:46 INFO  compiling root (1 scala source)
2022.11.15 19:45:46 INFO  time: compiled root in 0.26s
2022.11.15 19:47:28 INFO  compiling root (1 scala source)
2022.11.15 19:47:28 INFO  time: compiled root in 0.29s
2022.11.15 19:49:02 INFO  compiling root (1 scala source)
2022.11.15 19:49:02 INFO  time: compiled root in 0.28s
Nov 15, 2022 7:52:46 PM org.eclipse.lsp4j.jsonrpc.RemoteEndpoint handleCancellation
WARNING: Unmatched cancel notification for request id 6704
2022.11.15 19:54:12 INFO  compiling root (1 scala source)
2022.11.15 19:54:12 INFO  time: compiled root in 0.24s
2022.11.15 19:54:53 INFO  compiling root (1 scala source)
2022.11.15 19:54:53 INFO  time: compiled root in 0.25s
2022.11.15 19:59:07 INFO  compiling root (1 scala source)
2022.11.15 19:59:07 INFO  time: compiled root in 0.23s
2022.11.15 19:59:30 INFO  compiling root (1 scala source)
2022.11.15 19:59:30 INFO  time: compiled root in 0.24s
2022.11.15 20:00:03 INFO  compiling root (1 scala source)
2022.11.15 20:00:03 INFO  time: compiled root in 0.34s
2022.11.15 20:00:09 INFO  compiling root (1 scala source)
2022.11.15 20:00:09 INFO  time: compiled root in 0.29s
2022.11.15 20:04:56 INFO  compiling root (1 scala source)
2022.11.15 20:04:56 INFO  time: compiled root in 0.25s
Nov 15, 2022 8:06:37 PM org.eclipse.lsp4j.jsonrpc.services.GenericEndpoint notify
INFO: Unsupported notification method: $/setTrace
