2022.11.13 12:49:04 INFO  tracing is disabled for protocol LSP, to enable tracing of incoming and outgoing JSON messages create an empty file at /Users/shaunroecker/SCR/gitHub/Scala Development/.metals/lsp.trace.json or /Users/shaunroecker/Library/Caches/org.scalameta.metals/lsp.trace.json
2022.11.13 12:49:05 INFO  logging to file /Users/shaunroecker/SCR/gitHub/Scala Development/.metals/metals.log
2022.11.13 12:49:05 INFO  Started: Metals version 0.11.9 in workspace '/Users/shaunroecker/SCR/gitHub/Scala Development' for client Visual Studio Code 1.70.1.
2022.11.13 12:49:05 WARN  Can't instantiate JavaInteractiveSemanticdb (version: JdkVersion(8), jdkHome: /Library/Internet Plug-Ins/JavaAppletPlugin.plugin/Contents/Home, javac exists: false)
2022.11.13 12:49:06 INFO  time: initialize in 1.28s
2022.11.13 12:49:06 WARN  Build server is not auto-connectable.
2022.11.13 12:49:06 WARN  no build tool detected in workspace '/Users/shaunroecker/SCR/gitHub/Scala Development'. The most common cause for this problem is that the editor was opened in the wrong working directory, for example if you use sbt then the workspace directory should contain build.sbt. 
2022.11.13 12:49:06 WARN  no build target for: /Users/shaunroecker/SCR/gitHub/Scala Development/ScalaWalkthrough/scalawalkabout/src/main/scala/02_Strings/Strings.scala
2022.11.13 12:49:07 WARN  no build target for: /Users/shaunroecker/SCR/gitHub/Scala Development/ScalaWalkthrough/scalawalkabout/src/main/scala/03_NumbersAndDates/NumbersAndDates.scala
2022.11.13 12:49:10 INFO  no build target found for /Users/shaunroecker/SCR/gitHub/Scala Development/ScalaWalkthrough/scalawalkabout/src/main/scala/02_Strings/Strings.scala. Using presentation compiler with project's scala-library version: 3.2.0
2022.11.13 12:49:14 INFO  time: code lens generation in 3.86s
2022.11.13 12:49:14 INFO  time: code lens generation in 3.9s
2022.11.13 12:50:12 WARN  no build target for: /Users/shaunroecker/SCR/gitHub/Scala Development/ScalaWalkthrough/scalawalkabout/src/main/scala/03_NumbersAndDates/NumbersAndDates.scala
2022.11.13 12:50:31 WARN  no build target for: /Users/shaunroecker/SCR/gitHub/Scala Development/ScalaWalkthrough/scalawalkabout/src/main/scala/03_NumbersAndDates/NumbersAndDates.scala
2022.11.13 12:50:43 INFO  shutting down Metals
2022.11.16 17:31:28 INFO  tracing is disabled for protocol LSP, to enable tracing of incoming and outgoing JSON messages create an empty file at /Users/shaunroecker/SCR/gitHub/Scala Development/.metals/lsp.trace.json or /Users/shaunroecker/Library/Caches/org.scalameta.metals/lsp.trace.json
2022.11.16 17:31:28 INFO  logging to file /Users/shaunroecker/SCR/gitHub/Scala Development/.metals/metals.log
2022.11.16 17:31:28 INFO  Started: Metals version 0.11.9 in workspace '/Users/shaunroecker/SCR/gitHub/Scala Development' for client Visual Studio Code 1.70.1.
2022.11.16 17:31:28 WARN  Can't instantiate JavaInteractiveSemanticdb (version: JdkVersion(8), jdkHome: /Library/Internet Plug-Ins/JavaAppletPlugin.plugin/Contents/Home, javac exists: false)
2022.11.16 17:31:29 INFO  time: initialize in 1.07s
2022.11.16 17:31:30 WARN  Build server is not auto-connectable.
2022.11.16 17:31:30 WARN  no build tool detected in workspace '/Users/shaunroecker/SCR/gitHub/Scala Development'. The most common cause for this problem is that the editor was opened in the wrong working directory, for example if you use sbt then the workspace directory should contain build.sbt. 
2022.11.16 17:31:30 WARN  no build target for: /Users/shaunroecker/SCR/gitHub/Scala Development/ScalaWalkthrough/src/main/scala/02_Strings/Strings.scala
2022.11.16 17:31:32 INFO  no build target found for /Users/shaunroecker/SCR/gitHub/Scala Development/ScalaWalkthrough/src/main/scala/02_Strings/Strings.scala. Using presentation compiler with project's scala-library version: 3.2.0
2022.11.16 17:31:36 INFO  time: code lens generation in 5.04s
2022.11.16 18:33:41 INFO  shutting down Metals
